<?xml version="1.0" encoding="UTF-8"?>
<!-- Generated by org.testng.reporters.JUnitReportReporter -->
<testsuite skipped="0" hostname="DESKTOP-RUDLNTM" name="com.training.sanity.tests.UFM_041_Test" tests="3" failures="0" timestamp="19 May 2020 14:34:29 GMT" time="147.267" errors="0">
  <testcase name="UFM_041_CatalogMenu" time="3.046" classname="com.training.sanity.tests.UFM_041_Test"/>
  <testcase name="UFM_041_ProductList" time="141.604" classname="com.training.sanity.tests.UFM_041_Test"/>
  <testcase name="UFM_041_Login" time="2.617" classname="com.training.sanity.tests.UFM_041_Test"/>
</testsuite> <!-- com.training.sanity.tests.UFM_041_Test -->
