<?xml version="1.0" encoding="UTF-8"?>
<!-- Generated by org.testng.reporters.JUnitReportReporter -->
<testsuite skipped="0" hostname="DESKTOP-RUDLNTM" name="com.training.sanity.tests.UFM_042_Test" tests="3" failures="0" timestamp="23 May 2020 17:29:16 GMT" time="16.813" errors="0">
  <testcase name="UFM_042_Login" time="2.583" classname="com.training.sanity.tests.UFM_042_Test"/>
  <testcase name="UFM_042_AddProduct" time="11.294" classname="com.training.sanity.tests.UFM_042_Test"/>
  <testcase name="UFM_042_CatalogMenu" time="2.936" classname="com.training.sanity.tests.UFM_042_Test"/>
</testsuite> <!-- com.training.sanity.tests.UFM_042_Test -->
