<?xml version="1.0" encoding="UTF-8"?>
<!-- Generated by org.testng.reporters.JUnitReportReporter -->
<testsuite skipped="0" hostname="DESKTOP-RUDLNTM" name="com.training.sanity.tests.UFM_011_Test" tests="3" failures="0" timestamp="10 May 2020 15:21:26 GMT" time="6.558" errors="0">
  <testcase name="UFM_011_Login" time="2.988" classname="com.training.sanity.tests.UFM_011_Test"/>
  <testcase name="UFM_011_CatalogMenu" time="2.579" classname="com.training.sanity.tests.UFM_011_Test"/>
  <testcase name="UFM_011_CategoriesList" time="0.991" classname="com.training.sanity.tests.UFM_011_Test"/>
</testsuite> <!-- com.training.sanity.tests.UFM_011_Test -->
