<?xml version="1.0" encoding="UTF-8"?>
<!-- Generated by org.testng.reporters.JUnitReportReporter -->
<testsuite skipped="0" hostname="DESKTOP-RUDLNTM" name="com.training.sanity.tests.UFM_071_Test" tests="4" failures="0" timestamp="23 May 2020 17:29:16 GMT" time="182.047" errors="0">
  <testcase name="loginDBTest" time="52.540" classname="com.training.sanity.tests.UFM_071_Test"/>
  <testcase name="loginDBTest" time="43.344" classname="com.training.sanity.tests.UFM_071_Test"/>
  <testcase name="loginDBTest" time="43.490" classname="com.training.sanity.tests.UFM_071_Test"/>
  <testcase name="loginDBTest" time="42.673" classname="com.training.sanity.tests.UFM_071_Test"/>
</testsuite> <!-- com.training.sanity.tests.UFM_071_Test -->
