<?xml version="1.0" encoding="UTF-8"?>
<!-- Generated by org.testng.reporters.JUnitReportReporter -->
<testsuite skipped="0" hostname="DESKTOP-RUDLNTM" name="com.training.sanity.tests.UFM_010_Test" tests="1" failures="0" timestamp="19 May 2020 14:34:29 GMT" time="20.396" errors="0">
  <testcase name="UFM_010_Login" time="20.396" classname="com.training.sanity.tests.UFM_010_Test"/>
</testsuite> <!-- com.training.sanity.tests.UFM_010_Test -->
