<?xml version="1.0" encoding="UTF-8"?>
<!-- Generated by org.testng.reporters.JUnitReportReporter -->
<testsuite skipped="0" hostname="DESKTOP-RUDLNTM" name="com.training.sanity.tests.UFM_012_Test" tests="4" failures="0" timestamp="23 May 2020 17:29:16 GMT" time="16.994" errors="0">
  <testcase name="UFM_012_CatalogMenu" time="2.529" classname="com.training.sanity.tests.UFM_012_Test"/>
  <testcase name="UFM_012_CatagoriesList" time="0.819" classname="com.training.sanity.tests.UFM_012_Test"/>
  <testcase name="UFM_012_Login" time="2.757" classname="com.training.sanity.tests.UFM_012_Test"/>
  <testcase name="UFM_012_deleteCategory" time="10.889" classname="com.training.sanity.tests.UFM_012_Test"/>
</testsuite> <!-- com.training.sanity.tests.UFM_012_Test -->
