<?xml version="1.0" encoding="UTF-8"?>
<!-- Generated by org.testng.reporters.JUnitReportReporter -->
<testsuite skipped="0" hostname="DESKTOP-RUDLNTM" name="com.training.sanity.tests.UFM_070_Test" tests="10" failures="0" timestamp="23 May 2020 17:29:16 GMT" time="64.864" errors="0">
  <testcase name="UFM_070_AdminLogin" time="8.235" classname="com.training.sanity.tests.UFM_070_Test"/>
  <testcase name="UFM_070_LogoutAdmin" time="1.105" classname="com.training.sanity.tests.UFM_070_Test"/>
  <testcase name="UFM_070_UserLogin" time="9.047" classname="com.training.sanity.tests.UFM_070_Test"/>
  <testcase name="UFM_070_verifyOrderStatus" time="1.803" classname="com.training.sanity.tests.UFM_070_Test"/>
  <testcase name="UFM_070_UserAddProducttoCart" time="18.230" classname="com.training.sanity.tests.UFM_070_Test"/>
  <testcase name="UFM_070_UserPurchaseProduct" time="14.874" classname="com.training.sanity.tests.UFM_070_Test"/>
  <testcase name="UFM_070_AdminViewOrders" time="3.564" classname="com.training.sanity.tests.UFM_070_Test"/>
  <testcase name="UFM_070_searchOrder" time="0.606" classname="com.training.sanity.tests.UFM_070_Test"/>
  <testcase name="UFM_070_viewOrder" time="3.761" classname="com.training.sanity.tests.UFM_070_Test"/>
  <testcase name="UFM_070_UserLogout" time="3.639" classname="com.training.sanity.tests.UFM_070_Test"/>
</testsuite> <!-- com.training.sanity.tests.UFM_070_Test -->
