<?xml version="1.0" encoding="UTF-8"?>
<!-- Generated by org.testng.reporters.JUnitReportReporter -->
<testsuite skipped="0" hostname="DESKTOP-RUDLNTM" name="com.training.sanity.tests.UFM_012_Test" tests="4" failures="0" timestamp="19 May 2020 14:34:29 GMT" time="13.629" errors="0">
  <testcase name="UFM_012_deleteCategory" time="8.101" classname="com.training.sanity.tests.UFM_012_Test"/>
  <testcase name="UFM_012_CatalogMenu" time="2.113" classname="com.training.sanity.tests.UFM_012_Test"/>
  <testcase name="UFM_012_Login" time="2.666" classname="com.training.sanity.tests.UFM_012_Test"/>
  <testcase name="UFM_012_CatagoriesList" time="0.749" classname="com.training.sanity.tests.UFM_012_Test"/>
</testsuite> <!-- com.training.sanity.tests.UFM_012_Test -->
