<?xml version="1.0" encoding="UTF-8"?>
<!-- Generated by org.testng.reporters.JUnitReportReporter -->
<testsuite skipped="0" hostname="DESKTOP-RUDLNTM" name="com.training.sanity.tests.UFM_042_Test" tests="3" failures="0" timestamp="19 May 2020 14:48:21 GMT" time="14.937" errors="0">
  <testcase name="UFM_042_CatalogMenu" time="2.473" classname="com.training.sanity.tests.UFM_042_Test"/>
  <testcase name="UFM_042_AddProduct" time="9.637" classname="com.training.sanity.tests.UFM_042_Test"/>
  <testcase name="UFM_042_Login" time="2.827" classname="com.training.sanity.tests.UFM_042_Test"/>
</testsuite> <!-- com.training.sanity.tests.UFM_042_Test -->
