<?xml version="1.0" encoding="UTF-8"?>
<!-- Generated by org.testng.reporters.JUnitReportReporter -->
<testsuite skipped="0" hostname="DESKTOP-RUDLNTM" name="com.training.sanity.tests.UFM_041_Test" tests="3" failures="0" timestamp="23 May 2020 17:29:16 GMT" time="151.228" errors="0">
  <testcase name="UFM_041_Login" time="4.322" classname="com.training.sanity.tests.UFM_041_Test"/>
  <testcase name="UFM_041_ProductList" time="142.881" classname="com.training.sanity.tests.UFM_041_Test"/>
  <testcase name="UFM_041_CatalogMenu" time="4.025" classname="com.training.sanity.tests.UFM_041_Test"/>
</testsuite> <!-- com.training.sanity.tests.UFM_041_Test -->
