<?xml version="1.0" encoding="UTF-8"?>
<!-- Generated by org.testng.reporters.JUnitReportReporter -->
<testsuite skipped="0" hostname="DESKTOP-RUDLNTM" name="com.training.sanity.tests.UFM_046_Test" tests="8" failures="0" timestamp="23 May 2020 17:29:16 GMT" time="93.520" errors="0">
  <testcase name="UFM_046_AdminViewOrders" time="3.642" classname="com.training.sanity.tests.UFM_046_Test"/>
  <testcase name="UFM_046_UserPurchaseProduct" time="10.855" classname="com.training.sanity.tests.UFM_046_Test"/>
  <testcase name="UFM_046_searchOrder" time="0.591" classname="com.training.sanity.tests.UFM_046_Test"/>
  <testcase name="UFM_046_AdminLogin" time="7.961" classname="com.training.sanity.tests.UFM_046_Test"/>
  <testcase name="UFM_046_UserLogin" time="13.280" classname="com.training.sanity.tests.UFM_046_Test"/>
  <testcase name="UFM_046_UserAddProducttoCart" time="12.909" classname="com.training.sanity.tests.UFM_046_Test"/>
  <testcase name="UFM_046_editOrder" time="40.782" classname="com.training.sanity.tests.UFM_046_Test"/>
  <testcase name="UFM_046_UserLogout" time="3.500" classname="com.training.sanity.tests.UFM_046_Test"/>
</testsuite> <!-- com.training.sanity.tests.UFM_046_Test -->
