<?xml version="1.0" encoding="UTF-8"?>
<!-- Generated by org.testng.reporters.JUnitReportReporter -->
<testsuite skipped="0" hostname="DESKTOP-RUDLNTM" name="com.training.sanity.tests.UFM_072_Test" tests="4" failures="0" timestamp="23 May 2020 17:29:16 GMT" time="408.485" errors="0">
  <testcase name="UFM_072_adminEditProduct" time="94.164" classname="com.training.sanity.tests.UFM_072_Test"/>
  <testcase name="UFM_072_adminEditProduct" time="115.945" classname="com.training.sanity.tests.UFM_072_Test"/>
  <testcase name="UFM_072_adminEditProduct" time="103.264" classname="com.training.sanity.tests.UFM_072_Test"/>
  <testcase name="UFM_072_adminEditProduct" time="95.112" classname="com.training.sanity.tests.UFM_072_Test"/>
</testsuite> <!-- com.training.sanity.tests.UFM_072_Test -->
