<?xml version="1.0" encoding="UTF-8"?>
<!-- Generated by org.testng.reporters.JUnitReportReporter -->
<testsuite skipped="0" hostname="DESKTOP-RUDLNTM" name="com.training.sanity.tests.UFM_011_Test" tests="3" failures="0" timestamp="23 May 2020 17:29:16 GMT" time="6.916" errors="0">
  <testcase name="UFM_011_Login" time="3.137" classname="com.training.sanity.tests.UFM_011_Test"/>
  <testcase name="UFM_011_CategoriesList" time="0.814" classname="com.training.sanity.tests.UFM_011_Test"/>
  <testcase name="UFM_011_CatalogMenu" time="2.965" classname="com.training.sanity.tests.UFM_011_Test"/>
</testsuite> <!-- com.training.sanity.tests.UFM_011_Test -->
