<?xml version="1.0" encoding="UTF-8"?>
<!-- Generated by org.testng.reporters.JUnitReportReporter -->
<testsuite skipped="0" hostname="DESKTOP-RUDLNTM" name="com.training.regression.tests.LoginExcelTest2" tests="6" failures="0" timestamp="22 May 2020 04:15:21 GMT" time="0.017" errors="0">
  <testcase name="loginDBTest" time="0.002" classname="com.training.regression.tests.LoginExcelTest2"/>
  <testcase name="TestMethod3" time="0.003" classname="com.training.regression.tests.LoginExcelTest2"/>
  <testcase name="TestMethod1" time="0.005" classname="com.training.regression.tests.LoginExcelTest2"/>
  <testcase name="TestMethod2" time="0.002" classname="com.training.regression.tests.LoginExcelTest2"/>
  <testcase name="loginDBTest" time="0.001" classname="com.training.regression.tests.LoginExcelTest2"/>
  <testcase name="loginDBTest" time="0.004" classname="com.training.regression.tests.LoginExcelTest2"/>
</testsuite> <!-- com.training.regression.tests.LoginExcelTest2 -->
