<?xml version="1.0" encoding="UTF-8"?>
<!-- Generated by org.testng.reporters.JUnitReportReporter -->
<testsuite skipped="0" hostname="DESKTOP-RUDLNTM" name="com.training.sanity.tests.UFM_046_Test" tests="8" failures="0" timestamp="19 May 2020 14:48:21 GMT" time="109.133" errors="0">
  <testcase name="UFM_046_AdminViewOrders" time="2.949" classname="com.training.sanity.tests.UFM_046_Test"/>
  <testcase name="UFM_046_UserAddProducttoCart" time="9.179" classname="com.training.sanity.tests.UFM_046_Test"/>
  <testcase name="UFM_046_UserPurchaseProduct" time="10.476" classname="com.training.sanity.tests.UFM_046_Test"/>
  <testcase name="UFM_046_AdminLogin" time="7.077" classname="com.training.sanity.tests.UFM_046_Test"/>
  <testcase name="UFM_046_UserLogout" time="3.173" classname="com.training.sanity.tests.UFM_046_Test"/>
  <testcase name="UFM_046_editOrder" time="63.256" classname="com.training.sanity.tests.UFM_046_Test"/>
  <testcase name="UFM_046_UserLogin" time="12.558" classname="com.training.sanity.tests.UFM_046_Test"/>
  <testcase name="UFM_046_searchOrder" time="0.465" classname="com.training.sanity.tests.UFM_046_Test"/>
</testsuite> <!-- com.training.sanity.tests.UFM_046_Test -->
