<?xml version="1.0" encoding="UTF-8"?>
<!-- Generated by org.testng.reporters.JUnitReportReporter -->
<testsuite skipped="0" hostname="DESKTOP-RUDLNTM" name="com.training.sanity.tests.UFM_010_Test" tests="1" failures="0" timestamp="23 May 2020 17:29:16 GMT" time="17.645" errors="0">
  <testcase name="UFM_010_Login" time="17.645" classname="com.training.sanity.tests.UFM_010_Test"/>
</testsuite> <!-- com.training.sanity.tests.UFM_010_Test -->
